2024-08-29T10:24:59.862+05:30  INFO 19176 --- [12-advancedmappings-app] [restartedMain] com.techlabs.mappings.Application        : Starting Application using Java 21.0.3 with PID 19176 (D:\springAssignments\12-advancedmappings-app\target\classes started by Chirag.Partole in D:\springAssignments\12-advancedmappings-app)
2024-08-29T10:24:59.890+05:30  INFO 19176 --- [12-advancedmappings-app] [restartedMain] com.techlabs.mappings.Application        : No active profile set, falling back to 1 default profile: "default"
2024-08-29T10:24:59.988+05:30  INFO 19176 --- [12-advancedmappings-app] [restartedMain] .e.DevToolsPropertyDefaultsPostProcessor : Devtools property defaults active! Set 'spring.devtools.add-properties' to 'false' to disable
2024-08-29T10:24:59.989+05:30  INFO 19176 --- [12-advancedmappings-app] [restartedMain] .e.DevToolsPropertyDefaultsPostProcessor : For additional web related logging consider setting the 'logging.level.web' property to 'DEBUG'
2024-08-29T10:25:01.375+05:30  INFO 19176 --- [12-advancedmappings-app] [restartedMain] .s.d.r.c.RepositoryConfigurationDelegate : Bootstrapping Spring Data JPA repositories in DEFAULT mode.
2024-08-29T10:25:01.545+05:30  INFO 19176 --- [12-advancedmappings-app] [restartedMain] .s.d.r.c.RepositoryConfigurationDelegate : Finished Spring Data repository scanning in 153 ms. Found 3 JPA repository interfaces.
2024-08-29T10:25:03.005+05:30  INFO 19176 --- [12-advancedmappings-app] [restartedMain] o.s.b.w.embedded.tomcat.TomcatWebServer  : Tomcat initialized with port 8080 (http)
2024-08-29T10:25:03.033+05:30  INFO 19176 --- [12-advancedmappings-app] [restartedMain] o.apache.catalina.core.StandardService   : Starting service [Tomcat]
2024-08-29T10:25:03.035+05:30  INFO 19176 --- [12-advancedmappings-app] [restartedMain] o.apache.catalina.core.StandardEngine    : Starting Servlet engine: [Apache Tomcat/10.1.28]
2024-08-29T10:25:03.208+05:30  INFO 19176 --- [12-advancedmappings-app] [restartedMain] o.a.c.c.C.[Tomcat].[localhost].[/]       : Initializing Spring embedded WebApplicationContext
2024-08-29T10:25:03.209+05:30  INFO 19176 --- [12-advancedmappings-app] [restartedMain] w.s.c.ServletWebServerApplicationContext : Root WebApplicationContext: initialization completed in 3220 ms
2024-08-29T10:25:03.609+05:30  INFO 19176 --- [12-advancedmappings-app] [restartedMain] o.hibernate.jpa.internal.util.LogHelper  : HHH000204: Processing PersistenceUnitInfo [name: default]
2024-08-29T10:25:03.736+05:30  INFO 19176 --- [12-advancedmappings-app] [restartedMain] org.hibernate.Version                    : HHH000412: Hibernate ORM core version 6.5.2.Final
2024-08-29T10:25:03.803+05:30  INFO 19176 --- [12-advancedmappings-app] [restartedMain] o.h.c.internal.RegionFactoryInitiator    : HHH000026: Second-level cache disabled
2024-08-29T10:25:04.424+05:30  INFO 19176 --- [12-advancedmappings-app] [restartedMain] o.s.o.j.p.SpringPersistenceUnitInfo      : No LoadTimeWeaver setup: ignoring JPA class transformer
2024-08-29T10:25:04.476+05:30  INFO 19176 --- [12-advancedmappings-app] [restartedMain] com.zaxxer.hikari.HikariDataSource       : HikariPool-1 - Starting...
2024-08-29T10:25:05.377+05:30  INFO 19176 --- [12-advancedmappings-app] [restartedMain] com.zaxxer.hikari.pool.HikariPool        : HikariPool-1 - Added connection com.mysql.cj.jdbc.ConnectionImpl@7a1c75ac
2024-08-29T10:25:05.381+05:30  INFO 19176 --- [12-advancedmappings-app] [restartedMain] com.zaxxer.hikari.HikariDataSource       : HikariPool-1 - Start completed.
2024-08-29T10:25:07.665+05:30  INFO 19176 --- [12-advancedmappings-app] [restartedMain] o.h.e.t.j.p.i.JtaPlatformInitiator       : HHH000489: No JTA platform available (set 'hibernate.transaction.jta.platform' to enable JTA platform integration)
2024-08-29T10:25:07.822+05:30  INFO 19176 --- [12-advancedmappings-app] [restartedMain] j.LocalContainerEntityManagerFactoryBean : Initialized JPA EntityManagerFactory for persistence unit 'default'
2024-08-29T10:25:08.508+05:30  WARN 19176 --- [12-advancedmappings-app] [restartedMain] JpaBaseConfiguration$JpaWebConfiguration : spring.jpa.open-in-view is enabled by default. Therefore, database queries may be performed during view rendering. Explicitly configure spring.jpa.open-in-view to disable this warning
2024-08-29T10:25:09.146+05:30  WARN 19176 --- [12-advancedmappings-app] [restartedMain] .s.s.UserDetailsServiceAutoConfiguration : 

Using generated security password: 84e3578f-f6b8-4007-b901-0fe03952fff5

This generated password is for development use only. Your security configuration must be updated before running your application in production.

2024-08-29T10:25:09.170+05:30  INFO 19176 --- [12-advancedmappings-app] [restartedMain] r$InitializeUserDetailsManagerConfigurer : Global AuthenticationManager configured with UserDetailsService bean with name inMemoryUserDetailsManager
2024-08-29T10:25:09.426+05:30  INFO 19176 --- [12-advancedmappings-app] [restartedMain] o.s.b.d.a.OptionalLiveReloadServer       : LiveReload server is running on port 35729
2024-08-29T10:25:09.481+05:30  INFO 19176 --- [12-advancedmappings-app] [restartedMain] o.s.b.w.embedded.tomcat.TomcatWebServer  : Tomcat started on port 8080 (http) with context path '/'
2024-08-29T10:25:09.495+05:30  INFO 19176 --- [12-advancedmappings-app] [restartedMain] com.techlabs.mappings.Application        : Started Application in 10.292 seconds (process running for 11.32)
2024-08-29T10:25:30.341+05:30  INFO 19176 --- [12-advancedmappings-app] [http-nio-8080-exec-2] o.a.c.c.C.[Tomcat].[localhost].[/]       : Initializing Spring DispatcherServlet 'dispatcherServlet'
2024-08-29T10:25:30.342+05:30  INFO 19176 --- [12-advancedmappings-app] [http-nio-8080-exec-2] o.s.web.servlet.DispatcherServlet        : Initializing Servlet 'dispatcherServlet'
2024-08-29T10:25:30.346+05:30  INFO 19176 --- [12-advancedmappings-app] [http-nio-8080-exec-2] o.s.web.servlet.DispatcherServlet        : Completed initialization in 4 ms
2024-08-29T10:25:43.534+05:30  WARN 19176 --- [12-advancedmappings-app] [http-nio-8080-exec-5] ration$PageModule$WarningLoggingModifier : Serializing PageImpl instances as-is is not supported, meaning that there is no guarantee about the stability of the resulting JSON structure!
	For a stable JSON structure, please use Spring Data's PagedModel (globally via @EnableSpringDataWebSupport(pageSerializationMode = VIA_DTO))
	or Spring HATEOAS and Spring Data's PagedResourcesAssembler as documented in https://docs.spring.io/spring-data/commons/reference/repositories/core-extensions.html#core.web.pageables.

2024-08-29T10:26:30.640+05:30  INFO 19176 --- [12-advancedmappings-app] [File Watcher] rtingClassPathChangeChangedEventListener : Restarting due to 1 class path change (0 additions, 0 deletions, 1 modification)
2024-08-29T10:26:30.661+05:30  INFO 19176 --- [12-advancedmappings-app] [Thread-5] j.LocalContainerEntityManagerFactoryBean : Closing JPA EntityManagerFactory for persistence unit 'default'
2024-08-29T10:26:30.664+05:30  INFO 19176 --- [12-advancedmappings-app] [Thread-5] com.zaxxer.hikari.HikariDataSource       : HikariPool-1 - Shutdown initiated...
2024-08-29T10:26:30.675+05:30  INFO 19176 --- [12-advancedmappings-app] [Thread-5] com.zaxxer.hikari.HikariDataSource       : HikariPool-1 - Shutdown completed.
2024-08-29T10:26:30.828+05:30  INFO 19176 --- [12-advancedmappings-app] [restartedMain] com.techlabs.mappings.Application        : Starting Application using Java 21.0.3 with PID 19176 (D:\springAssignments\12-advancedmappings-app\target\classes started by Chirag.Partole in D:\springAssignments\12-advancedmappings-app)
2024-08-29T10:26:30.828+05:30  INFO 19176 --- [12-advancedmappings-app] [restartedMain] com.techlabs.mappings.Application        : No active profile set, falling back to 1 default profile: "default"
2024-08-29T10:26:31.078+05:30  INFO 19176 --- [12-advancedmappings-app] [restartedMain] .s.d.r.c.RepositoryConfigurationDelegate : Bootstrapping Spring Data JPA repositories in DEFAULT mode.
2024-08-29T10:26:31.116+05:30  INFO 19176 --- [12-advancedmappings-app] [restartedMain] .s.d.r.c.RepositoryConfigurationDelegate : Finished Spring Data repository scanning in 36 ms. Found 3 JPA repository interfaces.
2024-08-29T10:26:31.243+05:30  INFO 19176 --- [12-advancedmappings-app] [restartedMain] o.s.b.w.embedded.tomcat.TomcatWebServer  : Tomcat initialized with port 8080 (http)
2024-08-29T10:26:31.244+05:30  INFO 19176 --- [12-advancedmappings-app] [restartedMain] o.apache.catalina.core.StandardService   : Starting service [Tomcat]
2024-08-29T10:26:31.244+05:30  INFO 19176 --- [12-advancedmappings-app] [restartedMain] o.apache.catalina.core.StandardEngine    : Starting Servlet engine: [Apache Tomcat/10.1.28]
2024-08-29T10:26:31.274+05:30  INFO 19176 --- [12-advancedmappings-app] [restartedMain] o.a.c.c.C.[Tomcat].[localhost].[/]       : Initializing Spring embedded WebApplicationContext
2024-08-29T10:26:31.275+05:30  INFO 19176 --- [12-advancedmappings-app] [restartedMain] w.s.c.ServletWebServerApplicationContext : Root WebApplicationContext: initialization completed in 443 ms
2024-08-29T10:26:31.330+05:30  INFO 19176 --- [12-advancedmappings-app] [restartedMain] o.hibernate.jpa.internal.util.LogHelper  : HHH000204: Processing PersistenceUnitInfo [name: default]
2024-08-29T10:26:31.334+05:30  INFO 19176 --- [12-advancedmappings-app] [restartedMain] o.h.c.internal.RegionFactoryInitiator    : HHH000026: Second-level cache disabled
2024-08-29T10:26:31.344+05:30  INFO 19176 --- [12-advancedmappings-app] [restartedMain] o.s.o.j.p.SpringPersistenceUnitInfo      : No LoadTimeWeaver setup: ignoring JPA class transformer
2024-08-29T10:26:31.346+05:30  INFO 19176 --- [12-advancedmappings-app] [restartedMain] com.zaxxer.hikari.HikariDataSource       : HikariPool-2 - Starting...
2024-08-29T10:26:31.369+05:30  INFO 19176 --- [12-advancedmappings-app] [restartedMain] com.zaxxer.hikari.pool.HikariPool        : HikariPool-2 - Added connection com.mysql.cj.jdbc.ConnectionImpl@4c864965
2024-08-29T10:26:31.369+05:30  INFO 19176 --- [12-advancedmappings-app] [restartedMain] com.zaxxer.hikari.HikariDataSource       : HikariPool-2 - Start completed.
2024-08-29T10:26:31.461+05:30  INFO 19176 --- [12-advancedmappings-app] [restartedMain] o.h.e.t.j.p.i.JtaPlatformInitiator       : HHH000489: No JTA platform available (set 'hibernate.transaction.jta.platform' to enable JTA platform integration)
2024-08-29T10:26:31.495+05:30  INFO 19176 --- [12-advancedmappings-app] [restartedMain] j.LocalContainerEntityManagerFactoryBean : Initialized JPA EntityManagerFactory for persistence unit 'default'
2024-08-29T10:26:31.597+05:30  WARN 19176 --- [12-advancedmappings-app] [restartedMain] JpaBaseConfiguration$JpaWebConfiguration : spring.jpa.open-in-view is enabled by default. Therefore, database queries may be performed during view rendering. Explicitly configure spring.jpa.open-in-view to disable this warning
2024-08-29T10:26:31.689+05:30  INFO 19176 --- [12-advancedmappings-app] [restartedMain] r$InitializeUserDetailsManagerConfigurer : Global AuthenticationManager configured with UserDetailsService bean with name inMemoryUserDetailsManager
2024-08-29T10:26:31.710+05:30  INFO 19176 --- [12-advancedmappings-app] [restartedMain] o.s.b.d.a.OptionalLiveReloadServer       : LiveReload server is running on port 35729
2024-08-29T10:26:31.723+05:30  INFO 19176 --- [12-advancedmappings-app] [restartedMain] o.s.b.w.embedded.tomcat.TomcatWebServer  : Tomcat started on port 8080 (http) with context path '/'
2024-08-29T10:26:31.727+05:30  INFO 19176 --- [12-advancedmappings-app] [restartedMain] com.techlabs.mappings.Application        : Started Application in 0.93 seconds (process running for 93.552)
2024-08-29T10:26:31.731+05:30  INFO 19176 --- [12-advancedmappings-app] [restartedMain] .ConditionEvaluationDeltaLoggingListener : Condition evaluation unchanged
2024-08-29T10:26:35.524+05:30  INFO 19176 --- [12-advancedmappings-app] [http-nio-8080-exec-3] o.a.c.c.C.[Tomcat].[localhost].[/]       : Initializing Spring DispatcherServlet 'dispatcherServlet'
2024-08-29T10:26:35.525+05:30  INFO 19176 --- [12-advancedmappings-app] [http-nio-8080-exec-3] o.s.web.servlet.DispatcherServlet        : Initializing Servlet 'dispatcherServlet'
2024-08-29T10:26:35.525+05:30  INFO 19176 --- [12-advancedmappings-app] [http-nio-8080-exec-3] o.s.web.servlet.DispatcherServlet        : Completed initialization in 0 ms
2024-08-29T10:26:49.534+05:30  INFO 19176 --- [12-advancedmappings-app] [File Watcher] rtingClassPathChangeChangedEventListener : Restarting due to 1 class path change (0 additions, 0 deletions, 1 modification)
2024-08-29T10:26:49.547+05:30  INFO 19176 --- [12-advancedmappings-app] [Thread-7] j.LocalContainerEntityManagerFactoryBean : Closing JPA EntityManagerFactory for persistence unit 'default'
2024-08-29T10:26:49.549+05:30  INFO 19176 --- [12-advancedmappings-app] [Thread-7] com.zaxxer.hikari.HikariDataSource       : HikariPool-2 - Shutdown initiated...
2024-08-29T10:26:49.555+05:30  INFO 19176 --- [12-advancedmappings-app] [Thread-7] com.zaxxer.hikari.HikariDataSource       : HikariPool-2 - Shutdown completed.
2024-08-29T10:26:49.683+05:30  INFO 19176 --- [12-advancedmappings-app] [restartedMain] com.techlabs.mappings.Application        : Starting Application using Java 21.0.3 with PID 19176 (D:\springAssignments\12-advancedmappings-app\target\classes started by Chirag.Partole in D:\springAssignments\12-advancedmappings-app)
2024-08-29T10:26:49.683+05:30  INFO 19176 --- [12-advancedmappings-app] [restartedMain] com.techlabs.mappings.Application        : No active profile set, falling back to 1 default profile: "default"
2024-08-29T10:26:49.859+05:30  INFO 19176 --- [12-advancedmappings-app] [restartedMain] .s.d.r.c.RepositoryConfigurationDelegate : Bootstrapping Spring Data JPA repositories in DEFAULT mode.
2024-08-29T10:26:49.888+05:30  INFO 19176 --- [12-advancedmappings-app] [restartedMain] .s.d.r.c.RepositoryConfigurationDelegate : Finished Spring Data repository scanning in 29 ms. Found 3 JPA repository interfaces.
2024-08-29T10:26:49.968+05:30  INFO 19176 --- [12-advancedmappings-app] [restartedMain] o.s.b.w.embedded.tomcat.TomcatWebServer  : Tomcat initialized with port 8080 (http)
2024-08-29T10:26:49.970+05:30  INFO 19176 --- [12-advancedmappings-app] [restartedMain] o.apache.catalina.core.StandardService   : Starting service [Tomcat]
2024-08-29T10:26:49.970+05:30  INFO 19176 --- [12-advancedmappings-app] [restartedMain] o.apache.catalina.core.StandardEngine    : Starting Servlet engine: [Apache Tomcat/10.1.28]
2024-08-29T10:26:49.990+05:30  INFO 19176 --- [12-advancedmappings-app] [restartedMain] o.a.c.c.C.[Tomcat].[localhost].[/]       : Initializing Spring embedded WebApplicationContext
2024-08-29T10:26:49.990+05:30  INFO 19176 --- [12-advancedmappings-app] [restartedMain] w.s.c.ServletWebServerApplicationContext : Root WebApplicationContext: initialization completed in 305 ms
2024-08-29T10:26:50.029+05:30  INFO 19176 --- [12-advancedmappings-app] [restartedMain] o.hibernate.jpa.internal.util.LogHelper  : HHH000204: Processing PersistenceUnitInfo [name: default]
2024-08-29T10:26:50.031+05:30  INFO 19176 --- [12-advancedmappings-app] [restartedMain] o.h.c.internal.RegionFactoryInitiator    : HHH000026: Second-level cache disabled
2024-08-29T10:26:50.039+05:30  INFO 19176 --- [12-advancedmappings-app] [restartedMain] o.s.o.j.p.SpringPersistenceUnitInfo      : No LoadTimeWeaver setup: ignoring JPA class transformer
2024-08-29T10:26:50.040+05:30  INFO 19176 --- [12-advancedmappings-app] [restartedMain] com.zaxxer.hikari.HikariDataSource       : HikariPool-3 - Starting...
2024-08-29T10:26:50.055+05:30  INFO 19176 --- [12-advancedmappings-app] [restartedMain] com.zaxxer.hikari.pool.HikariPool        : HikariPool-3 - Added connection com.mysql.cj.jdbc.ConnectionImpl@7b77aae4
2024-08-29T10:26:50.055+05:30  INFO 19176 --- [12-advancedmappings-app] [restartedMain] com.zaxxer.hikari.HikariDataSource       : HikariPool-3 - Start completed.
2024-08-29T10:26:50.131+05:30  INFO 19176 --- [12-advancedmappings-app] [restartedMain] o.h.e.t.j.p.i.JtaPlatformInitiator       : HHH000489: No JTA platform available (set 'hibernate.transaction.jta.platform' to enable JTA platform integration)
2024-08-29T10:26:50.159+05:30  INFO 19176 --- [12-advancedmappings-app] [restartedMain] j.LocalContainerEntityManagerFactoryBean : Initialized JPA EntityManagerFactory for persistence unit 'default'
2024-08-29T10:26:50.236+05:30  WARN 19176 --- [12-advancedmappings-app] [restartedMain] JpaBaseConfiguration$JpaWebConfiguration : spring.jpa.open-in-view is enabled by default. Therefore, database queries may be performed during view rendering. Explicitly configure spring.jpa.open-in-view to disable this warning
2024-08-29T10:26:50.302+05:30  INFO 19176 --- [12-advancedmappings-app] [restartedMain] r$InitializeUserDetailsManagerConfigurer : Global AuthenticationManager configured with UserDetailsService bean with name inMemoryUserDetailsManager
2024-08-29T10:26:50.322+05:30  INFO 19176 --- [12-advancedmappings-app] [restartedMain] o.s.b.d.a.OptionalLiveReloadServer       : LiveReload server is running on port 35729
2024-08-29T10:26:50.336+05:30  INFO 19176 --- [12-advancedmappings-app] [restartedMain] o.s.b.w.embedded.tomcat.TomcatWebServer  : Tomcat started on port 8080 (http) with context path '/'
2024-08-29T10:26:50.340+05:30  INFO 19176 --- [12-advancedmappings-app] [restartedMain] com.techlabs.mappings.Application        : Started Application in 0.687 seconds (process running for 112.165)
2024-08-29T10:26:50.342+05:30  INFO 19176 --- [12-advancedmappings-app] [restartedMain] .ConditionEvaluationDeltaLoggingListener : Condition evaluation unchanged
2024-08-29T10:26:53.061+05:30  INFO 19176 --- [12-advancedmappings-app] [http-nio-8080-exec-3] o.a.c.c.C.[Tomcat].[localhost].[/]       : Initializing Spring DispatcherServlet 'dispatcherServlet'
2024-08-29T10:26:53.062+05:30  INFO 19176 --- [12-advancedmappings-app] [http-nio-8080-exec-3] o.s.web.servlet.DispatcherServlet        : Initializing Servlet 'dispatcherServlet'
2024-08-29T10:26:53.063+05:30  INFO 19176 --- [12-advancedmappings-app] [http-nio-8080-exec-3] o.s.web.servlet.DispatcherServlet        : Completed initialization in 1 ms
2024-08-29T10:26:53.247+05:30  WARN 19176 --- [12-advancedmappings-app] [http-nio-8080-exec-3] ration$PageModule$WarningLoggingModifier : Serializing PageImpl instances as-is is not supported, meaning that there is no guarantee about the stability of the resulting JSON structure!
	For a stable JSON structure, please use Spring Data's PagedModel (globally via @EnableSpringDataWebSupport(pageSerializationMode = VIA_DTO))
	or Spring HATEOAS and Spring Data's PagedResourcesAssembler as documented in https://docs.spring.io/spring-data/commons/reference/repositories/core-extensions.html#core.web.pageables.

